<?xml version="1.0" encoding="UTF-8"?>
<testsuites>
    <testsuite name="force.apex" timestamp="2021-04-27T09:24:26.000Z" hostname="https://postnl--Test.my.salesforce.com" tests="28" failures="0"  errors="0"  time="16.38">
        <properties>
            <property name="outcome" value="Successful"/>
            <property name="testsRan" value="28"/>
            <property name="passing" value="28"/>
            <property name="failing" value="0"/>
            <property name="skipped" value="0"/>
            <property name="passRate" value="100%"/>
            <property name="failRate" value="0%"/>
            <property name="testStartTime" value="Tue Apr 27 2021 12:24:26 PM"/>
            <property name="testExecutionTime" value="16.38 s"/>
            <property name="testTotalTime" value="16.38 s"/>
            <property name="commandTime" value="0.43 s"/>
            <property name="hostname" value="https://postnl--Test.my.salesforce.com"/>
            <property name="orgId" value="00D6E0000008cj0UAA"/>
            <property name="username" value="rcirstea@deloittece.com"/>
            <property name="testRunId" value="7077a00002LctZd"/>
            <property name="userId" value="0056E000003hJ4bQAE"/>
            <property name="coveredLines" value="9205"/>
            <property name="testRunCoverage" value="74%"/>
            <property name="orgWideCoverage" value="72%"/>
        </properties>
        <testcase name="processEndDateOfEmployment" classname="SRV_AccountsTest" time="0.84">
        </testcase>
        <testcase name="setAccountUserRelation" classname="SRV_AccountsTest" time="0.12">
        </testcase>
        <testcase name="setHasPlanningFlag" classname="SRV_AccountsTest" time="0.25">
        </testcase>
        <testcase name="setUserMobilePhone" classname="SRV_AccountsTest" time="0.06">
        </testcase>
        <testcase name="updatePermissionSetAssignments" classname="SRV_AccountsTest" time="0.18">
        </testcase>
        <testcase name="countAccountsByGivenWhereClause" classname="SEL_AccountsTest" time="0.56">
        </testcase>
        <testcase name="countEmployeesByOMTest" classname="SEL_AccountsTest" time="0.05">
        </testcase>
        <testcase name="selectAccountsByGivenWhereClause" classname="SEL_AccountsTest" time="0.10">
        </testcase>
        <testcase name="selectAccountsFromPhoneNumber" classname="SEL_AccountsTest" time="0.09">
        </testcase>
        <testcase name="selectAccountsFromUsers" classname="SEL_AccountsTest" time="0.09">
        </testcase>
        <testcase name="selectActiveAccountsByIdWithUserInfo" classname="SEL_AccountsTest" time="0.10">
        </testcase>
        <testcase name="selectActiveAccountsForOrganizations" classname="SEL_AccountsTest" time="0.09">
        </testcase>
        <testcase name="selectActiveAccountsForOrganizationsWithPlanning" classname="SEL_AccountsTest" time="0.21">
        </testcase>
        <testcase name="selectActiveAccountsForRoles" classname="SEL_AccountsTest" time="0.07">
        </testcase>
        <testcase name="selectActiveForVBMatchingToPlanningProposalTest" classname="SEL_AccountsTest" time="0.08">
        </testcase>
        <testcase name="selectActiveTeamLeaderAccountsForUsers" classname="SEL_AccountsTest" time="0.07">
        </testcase>
        <testcase name="selectByAccountWithPlanning" classname="SEL_AccountsTest" time="0.08">
        </testcase>
        <testcase name="selectByIdTest" classname="SEL_AccountsTest" time="0.07">
        </testcase>
        <testcase name="selectByIdWithoutSharingTest" classname="SEL_AccountsTest" time="0.07">
        </testcase>
        <testcase name="selectLongestHourActiveAccountByUPN" classname="SEL_AccountsTest" time="0.07">
        </testcase>
        <testcase name="selectLongestHourActiveAccountsByOwnerId" classname="SEL_AccountsTest" time="0.16">
        </testcase>
        <testcase name="selectLongestHourActiveBezorgerAccountByOwnerId" classname="SEL_AccountsTest" time="0.09">
        </testcase>
        <testcase name="selectTeamLeadersByTeamId" classname="SEL_AccountsTest" time="0.08">
        </testcase>
        <testcase name="UpdateRecordHash" classname="DOM_ACCodesTest" time="0.53">
        </testcase>
        <testcase name="updateLongestRunningACCode" classname="DOM_ACCodesTest" time="0.07">
        </testcase>
        <testcase name="getRecordHash" classname="SRV_ACCodesTest" time="0.47">
        </testcase>
        <testcase name="changingTheOwnerOfAWorkOrder" classname="AssignWorkordersContrTest" time="6.75">
        </testcase>
        <testcase name="testCancelButton" classname="AssignWorkordersContrTest" time="5.01">
        </testcase>
    </testsuite>
</testsuites>
